2025-03-21T13:50:07.183+05:00  INFO 7764 --- [MusicStreaming] [main] c.c.m.MusicStreamingApplication          : Starting MusicStreamingApplication using Java 17.0.14 with PID 7764 (C:\Users\clava1097\IdeaProjects\MusicStreaming\build\classes\java\main started by clava1097 in C:\Users\clava1097\IdeaProjects\MusicStreaming)
2025-03-21T13:50:07.194+05:00 DEBUG 7764 --- [MusicStreaming] [main] c.c.m.MusicStreamingApplication          : Running with Spring Boot v3.4.2, Spring v6.2.2
2025-03-21T13:50:07.195+05:00  INFO 7764 --- [MusicStreaming] [main] c.c.m.MusicStreamingApplication          : No active profile set, falling back to 1 default profile: "default"
2025-03-21T13:50:09.626+05:00  INFO 7764 --- [MusicStreaming] [main] .s.d.r.c.RepositoryConfigurationDelegate : Bootstrapping Spring Data JPA repositories in DEFAULT mode.
2025-03-21T13:50:09.757+05:00  INFO 7764 --- [MusicStreaming] [main] .s.d.r.c.RepositoryConfigurationDelegate : Finished Spring Data repository scanning in 116 ms. Found 5 JPA repository interfaces.
2025-03-21T13:50:11.221+05:00  INFO 7764 --- [MusicStreaming] [main] o.s.b.w.embedded.tomcat.TomcatWebServer  : Tomcat initialized with port 8080 (http)
2025-03-21T13:50:11.267+05:00  INFO 7764 --- [MusicStreaming] [main] o.apache.catalina.core.StandardService   : Starting service [Tomcat]
2025-03-21T13:50:11.268+05:00  INFO 7764 --- [MusicStreaming] [main] o.apache.catalina.core.StandardEngine    : Starting Servlet engine: [Apache Tomcat/10.1.34]
2025-03-21T13:50:11.544+05:00  INFO 7764 --- [MusicStreaming] [main] o.a.c.c.C.[Tomcat].[localhost].[/]       : Initializing Spring embedded WebApplicationContext
2025-03-21T13:50:11.546+05:00  INFO 7764 --- [MusicStreaming] [main] w.s.c.ServletWebServerApplicationContext : Root WebApplicationContext: initialization completed in 4215 ms
2025-03-21T13:50:12.763+05:00  INFO 7764 --- [MusicStreaming] [main] com.zaxxer.hikari.HikariDataSource       : HikariPool-1 - Starting...
2025-03-21T13:50:13.260+05:00  INFO 7764 --- [MusicStreaming] [main] com.zaxxer.hikari.pool.HikariPool        : HikariPool-1 - Added connection org.postgresql.jdbc.PgConnection@1a4930cf
2025-03-21T13:50:13.263+05:00  INFO 7764 --- [MusicStreaming] [main] com.zaxxer.hikari.HikariDataSource       : HikariPool-1 - Start completed.
2025-03-21T13:50:13.329+05:00  INFO 7764 --- [MusicStreaming] [main] org.flywaydb.core.FlywayExecutor         : Database: jdbc:postgresql://localhost:5432/MusicStreaming (PostgreSQL 17.4)
2025-03-21T13:50:13.479+05:00  INFO 7764 --- [MusicStreaming] [main] o.f.core.internal.command.DbValidate     : Successfully validated 1 migration (execution time 00:00.060s)
2025-03-21T13:50:13.511+05:00  INFO 7764 --- [MusicStreaming] [main] o.f.core.internal.command.DbMigrate      : Current version of schema "public": 1
2025-03-21T13:50:13.517+05:00  INFO 7764 --- [MusicStreaming] [main] o.f.core.internal.command.DbMigrate      : Schema "public" is up to date. No migration necessary.
2025-03-21T13:50:13.668+05:00  INFO 7764 --- [MusicStreaming] [main] o.hibernate.jpa.internal.util.LogHelper  : HHH000204: Processing PersistenceUnitInfo [name: default]
2025-03-21T13:50:13.831+05:00  INFO 7764 --- [MusicStreaming] [main] org.hibernate.Version                    : HHH000412: Hibernate ORM core version 6.6.5.Final
2025-03-21T13:50:13.907+05:00  INFO 7764 --- [MusicStreaming] [main] o.h.c.internal.RegionFactoryInitiator    : HHH000026: Second-level cache disabled
2025-03-21T13:50:14.555+05:00  INFO 7764 --- [MusicStreaming] [main] o.s.o.j.p.SpringPersistenceUnitInfo      : No LoadTimeWeaver setup: ignoring JPA class transformer
2025-03-21T13:50:14.674+05:00  WARN 7764 --- [MusicStreaming] [main] org.hibernate.orm.deprecation            : HHH90000025: PostgreSQLDialect does not need to be specified explicitly using 'hibernate.dialect' (remove the property setting and it will be selected by default)
2025-03-21T13:50:14.718+05:00  INFO 7764 --- [MusicStreaming] [main] org.hibernate.orm.connections.pooling    : HHH10001005: Database info:
	Database JDBC URL [Connecting through datasource 'HikariDataSource (HikariPool-1)']
	Database driver: undefined/unknown
	Database version: 17.4
	Autocommit mode: undefined/unknown
	Isolation level: undefined/unknown
	Minimum pool size: undefined/unknown
	Maximum pool size: undefined/unknown
2025-03-21T13:50:17.103+05:00  INFO 7764 --- [MusicStreaming] [main] o.h.e.t.j.p.i.JtaPlatformInitiator       : HHH000489: No JTA platform available (set 'hibernate.transaction.jta.platform' to enable JTA platform integration)
2025-03-21T13:50:17.338+05:00  INFO 7764 --- [MusicStreaming] [main] j.LocalContainerEntityManagerFactoryBean : Initialized JPA EntityManagerFactory for persistence unit 'default'
2025-03-21T13:50:18.144+05:00 DEBUG 7764 --- [MusicStreaming] [main] c.c.m.config.jwt.JwtAuthFilter           : Filter 'jwtAuthFilter' configured for use
2025-03-21T13:50:18.239+05:00  INFO 7764 --- [MusicStreaming] [main] r$InitializeUserDetailsManagerConfigurer : Global AuthenticationManager configured with UserDetailsService bean with name userDetailsServiceImpl
2025-03-21T13:50:18.333+05:00  INFO 7764 --- [MusicStreaming] [main] o.s.d.j.r.query.QueryEnhancerFactory     : Hibernate is in classpath; If applicable, HQL parser will be used.
2025-03-21T13:50:19.185+05:00  WARN 7764 --- [MusicStreaming] [main] JpaBaseConfiguration$JpaWebConfiguration : spring.jpa.open-in-view is enabled by default. Therefore, database queries may be performed during view rendering. Explicitly configure spring.jpa.open-in-view to disable this warning
2025-03-21T13:50:20.517+05:00  INFO 7764 --- [MusicStreaming] [main] o.s.b.a.e.web.EndpointLinksResolver      : Exposing 1 endpoint beneath base path '/actuator'
2025-03-21T13:50:21.444+05:00  INFO 7764 --- [MusicStreaming] [main] o.s.b.w.embedded.tomcat.TomcatWebServer  : Tomcat started on port 8080 (http) with context path '/'
2025-03-21T13:50:21.472+05:00  INFO 7764 --- [MusicStreaming] [main] c.c.m.MusicStreamingApplication          : Started MusicStreamingApplication in 15.812 seconds (process running for 17.436)
2025-03-21T13:50:21.918+05:00  INFO 7764 --- [MusicStreaming] [RMI TCP Connection(3)-192.168.3.13] o.a.c.c.C.[Tomcat].[localhost].[/]       : Initializing Spring DispatcherServlet 'dispatcherServlet'
2025-03-21T13:50:21.919+05:00  INFO 7764 --- [MusicStreaming] [RMI TCP Connection(3)-192.168.3.13] o.s.web.servlet.DispatcherServlet        : Initializing Servlet 'dispatcherServlet'
2025-03-21T13:50:21.924+05:00  INFO 7764 --- [MusicStreaming] [RMI TCP Connection(3)-192.168.3.13] o.s.web.servlet.DispatcherServlet        : Completed initialization in 4 ms
2025-03-21T13:50:27.007+05:00  INFO 7764 --- [MusicStreaming] [http-nio-8080-exec-1] c.c.m.c.RegistrationController           : registration request: RegistrationRequest(name=name, email=null, username=username, password=password)
2025-03-21T13:50:27.124+05:00  INFO 7764 --- [MusicStreaming] [http-nio-8080-exec-1] c.c.m.services.security.UserServiceImpl  : Registering user: name username USER null $2a$10$HcS.IHi1DNvp1R4XmSECPeWJVgR2TMP/OiBa0/mhAgaC0jA3QT6rq
2025-03-21T13:50:32.189+05:00  INFO 7764 --- [MusicStreaming] [http-nio-8080-exec-2] c.c.m.config.jwt.JwtTokenManager         : www.issuer.com
2025-03-21T13:50:36.836+05:00  INFO 7764 --- [MusicStreaming] [http-nio-8080-exec-3] c.c.m.config.jwt.JwtTokenManager         : www.issuer.com
2025-03-21T13:50:40.160+05:00  INFO 7764 --- [MusicStreaming] [http-nio-8080-exec-4] c.c.m.config.jwt.JwtTokenManager         : www.issuer.com
2025-03-21T13:51:07.056+05:00  WARN 7764 --- [MusicStreaming] [http-nio-8080-exec-5] .w.s.m.s.DefaultHandlerExceptionResolver : Resolved [org.springframework.web.HttpMediaTypeNotSupportedException: Content-Type 'application/javascript' is not supported]
2025-03-21T14:04:35.932+05:00  WARN 7764 --- [MusicStreaming] [http-nio-8080-exec-7] .w.s.m.s.DefaultHandlerExceptionResolver : Resolved [org.springframework.web.multipart.MaxUploadSizeExceededException: Maximum upload size exceeded]
2025-03-21T14:06:25.411+05:00  INFO 7764 --- [MusicStreaming] [SpringApplicationShutdownHook] o.s.b.w.e.tomcat.GracefulShutdown        : Commencing graceful shutdown. Waiting for active requests to complete
2025-03-21T14:06:25.767+05:00  INFO 7764 --- [MusicStreaming] [tomcat-shutdown] o.s.b.w.e.tomcat.GracefulShutdown        : Graceful shutdown complete
2025-03-21T14:06:25.831+05:00  INFO 7764 --- [MusicStreaming] [SpringApplicationShutdownHook] j.LocalContainerEntityManagerFactoryBean : Closing JPA EntityManagerFactory for persistence unit 'default'
2025-03-21T14:06:25.924+05:00  INFO 7764 --- [MusicStreaming] [SpringApplicationShutdownHook] com.zaxxer.hikari.HikariDataSource       : HikariPool-1 - Shutdown initiated...
2025-03-21T14:06:25.948+05:00  INFO 7764 --- [MusicStreaming] [SpringApplicationShutdownHook] com.zaxxer.hikari.HikariDataSource       : HikariPool-1 - Shutdown completed.
